<?xml version="1.0" encoding="UTF-8"?>
<!-- Generated by org.testng.reporters.JUnitReportReporter -->
<testsuite skipped="0" hostname="PAHALAPP-KQHKB" name="TESTNGpackage.readFromExcel" tests="1" failures="0" timestamp="04 Jul 2017 14:32:46 GMT" time="0.564" errors="0">
  <testcase name="readexcel" time="0.564" classname="TESTNGpackage.readFromExcel"/>
</testsuite> <!-- TESTNGpackage.readFromExcel -->
