<?xml version="1.0" encoding="UTF-8"?>
<!-- Generated by org.testng.reporters.JUnitReportReporter -->
<testsuite skipped="0" hostname="PAHALAPP-KQHKB" name="TESTNGpackage.testusingAssertions" tests="1" failures="0" timestamp="23 Jun 2017 14:42:10 GMT" time="11.969" errors="0">
  <testcase name="assertmethod" time="11.969" classname="TESTNGpackage.testusingAssertions"/>
</testsuite> <!-- TESTNGpackage.testusingAssertions -->
