<?xml version="1.0" encoding="UTF-8"?>
<!-- Generated by org.testng.reporters.JUnitReportReporter -->
<testsuite skipped="0" hostname="PAHALAPP-KQHKB" name="TESTNGpackage.NewTest" tests="1" failures="0" timestamp="23 Jun 2017 14:44:57 GMT" time="0.012" errors="0">
  <testcase name="f" time="0.012" classname="TESTNGpackage.NewTest"/>
</testsuite> <!-- TESTNGpackage.NewTest -->
