<?xml version="1.0" encoding="UTF-8"?>
<!-- Generated by org.testng.reporters.JUnitReportReporter -->
<testsuite skipped="0" hostname="PAHALAPP-KQHKB" name="TESTNGpackage.getDataInDiffClass" tests="1" failures="0" timestamp="04 Jul 2017 13:59:18 GMT" time="0.018" errors="0">
  <testcase name="b" time="0.018" classname="TESTNGpackage.getDataInDiffClass"/>
</testsuite> <!-- TESTNGpackage.getDataInDiffClass -->
