<?xml version="1.0" encoding="UTF-8"?>
<!-- Generated by org.testng.reporters.JUnitReportReporter -->
<testsuite skipped="0" hostname="PAHALAPP-KQHKB" name="TESTNGpackage.verifyTitle" tests="1" failures="0" timestamp="23 Jun 2017 14:18:58 GMT" time="11.489" errors="0">
  <testcase name="testTitle" time="11.489" classname="TESTNGpackage.verifyTitle"/>
</testsuite> <!-- TESTNGpackage.verifyTitle -->
