<?xml version="1.0" encoding="UTF-8"?>
<!-- Generated by org.testng.reporters.JUnitReportReporter -->
<testsuite skipped="0" hostname="PAHALAPP-KQHKB" name="TESTNGpackage.writeExcel" tests="1" failures="0" timestamp="10 Jul 2017 15:16:56 GMT" time="0.600" errors="0">
  <testcase name="FileWrite" time="0.600" classname="TESTNGpackage.writeExcel"/>
</testsuite> <!-- TESTNGpackage.writeExcel -->
