<?xml version="1.0" encoding="UTF-8"?>
<!-- Generated by org.testng.reporters.JUnitReportReporter -->
<testsuite skipped="0" hostname="PAHALAPP-KQHKB" name="TESTNGpackage.testng3" tests="2" failures="0" timestamp="23 Jun 2017 14:10:00 GMT" time="0.011" errors="0">
  <testcase name="b" time="0.002" classname="TESTNGpackage.testng3"/>
  <testcase name="a" time="0.009" classname="TESTNGpackage.testng3"/>
</testsuite> <!-- TESTNGpackage.testng3 -->
