<?xml version="1.0" encoding="UTF-8"?>
<!-- Generated by org.testng.reporters.JUnitReportReporter -->
<testsuite skipped="0" hostname="PAHALAPP-KQHKB" name="TESTNGpackage.sample2" tests="1" failures="0" timestamp="23 Jun 2017 14:44:57 GMT" time="0.002" errors="0">
  <testcase name="s1" time="0.002" classname="TESTNGpackage.sample2"/>
</testsuite> <!-- TESTNGpackage.sample2 -->
