<?xml version="1.0" encoding="UTF-8"?>
<!-- Generated by org.testng.reporters.JUnitReportReporter -->
<testsuite skipped="0" hostname="PAHALAPP-KQHKB" name="TESTNGpackage.ReadDataFromExcel" tests="1" failures="0" timestamp="28 Jun 2017 15:38:12 GMT" time="0.579" errors="0">
  <testcase name="f" time="0.579" classname="TESTNGpackage.ReadDataFromExcel"/>
</testsuite> <!-- TESTNGpackage.ReadDataFromExcel -->
